{"/Users/florianmueller/projects/redux-props/src/Provider.jsx": {"path":"/Users/florianmueller/projects/redux-props/src/Provider.jsx","statementMap":{"0":{"start":{"line":18,"column":4},"end":{"line":18,"column":17}},"1":{"start":{"line":19,"column":4},"end":{"line":19,"column":52}},"2":{"start":{"line":19,"column":32},"end":{"line":19,"column":50}},"3":{"start":{"line":26,"column":32},"end":{"line":26,"column":42}},"4":{"start":{"line":28,"column":18},"end":{"line":31,"column":5}},"5":{"start":{"line":33,"column":4},"end":{"line":37,"column":6}}},"fnMap":{"0":{"name":"(anonymous_0)","decl":{"start":{"line":17,"column":2},"end":{"line":17,"column":3}},"loc":{"start":{"line":17,"column":21},"end":{"line":20,"column":3}},"line":17},"1":{"name":"(anonymous_1)","decl":{"start":{"line":19,"column":26},"end":{"line":19,"column":27}},"loc":{"start":{"line":19,"column":32},"end":{"line":19,"column":50}},"line":19},"2":{"name":"(anonymous_2)","decl":{"start":{"line":25,"column":2},"end":{"line":25,"column":3}},"loc":{"start":{"line":25,"column":11},"end":{"line":38,"column":3}},"line":25}},"branchMap":{},"s":{"0":2,"1":2,"2":0,"3":1,"4":1,"5":1},"f":{"0":2,"1":0,"2":1},"b":{},"_coverageSchema":"332fd63041d2c1bcb487cc26dd0d5f7d97098a6c","hash":"d3feed67082fb72d448eb0706a9220e44d5853b8"}
,"/Users/florianmueller/projects/redux-props/src/consume.jsx": {"path":"/Users/florianmueller/projects/redux-props/src/consume.jsx","statementMap":{"0":{"start":{"line":1,"column":0},"end":{"line":null,"column":-1}},"1":{"start":{"line":2,"column":0},"end":{"line":null,"column":-1}},"2":{"start":{"line":3,"column":0},"end":{"line":null,"column":-1}},"3":{"start":{"line":8,"column":24},"end":{"line":8,"column":0}},"4":{"start":{"line":8,"column":24},"end":{"line":null,"column":-1}},"5":{"start":{"line":35,"column":38},"end":{"line":34,"column":35}},"6":{"start":{"line":34,"column":35},"end":{"line":34,"column":34}},"7":{"start":{"line":37,"column":4},"end":{"line":39,"column":5}},"8":{"start":{"line":38,"column":6},"end":{"line":null,"column":-1}},"9":{"start":{"line":41,"column":4},"end":{"line":51,"column":5}},"10":{"start":{"line":42,"column":27},"end":{"line":42,"column":6}},"11":{"start":{"line":48,"column":6},"end":{"line":50,"column":7}},"12":{"start":{"line":49,"column":8},"end":{"line":null,"column":-1}},"13":{"start":{"line":53,"column":4},"end":{"line":62,"column":5}},"14":{"start":{"line":54,"column":27},"end":{"line":54,"column":6}},"15":{"start":{"line":59,"column":6},"end":{"line":61,"column":7}},"16":{"start":{"line":60,"column":8},"end":{"line":null,"column":-1}},"17":{"start":{"line":64,"column":4},"end":{"line":null,"column":-1}},"18":{"start":{"line":77,"column":8},"end":{"line":70,"column":11}},"19":{"start":{"line":70,"column":11},"end":{"line":70,"column":10}},"20":{"start":{"line":79,"column":10},"end":{"line":79,"column":4}},"21":{"start":{"line":88,"column":4},"end":{"line":null,"column":-1}},"22":{"start":{"line":96,"column":68},"end":{"line":96,"column":67}},"23":{"start":{"line":96,"column":68},"end":{"line":null,"column":-1}},"24":{"start":{"line":97,"column":25},"end":{"line":97,"column":2}},"25":{"start":{"line":99,"column":2},"end":{"line":null,"column":-1}},"26":{"start":{"line":104,"column":26},"end":{"line":104,"column":4}},"27":{"start":{"line":104,"column":26},"end":{"line":null,"column":-1}},"28":{"start":{"line":106,"column":9},"end":{"line":106,"column":8}},"29":{"start":{"line":106,"column":9},"end":{"line":null,"column":-1}},"30":{"start":{"line":119,"column":4},"end":{"line":null,"column":-1}}},"fnMap":{"0":{"name":"defaultMapProps","decl":{"start":{"line":8,"column":6},"end":{"line":8,"column":24}},"loc":{"start":{"line":8,"column":24},"end":{"line":8,"column":0}}},"1":{"name":"consume","decl":{"start":{"line":96,"column":16},"end":{"line":96,"column":7}},"loc":{"start":{"line":96,"column":68},"end":{"line":121,"column":1}}},"2":{"name":"(anonymous_15)","decl":{"start":{"line":99,"column":9},"end":{"line":99,"column":9}},"loc":{"start":{"line":99,"column":24},"end":{"line":99,"column":2}}},"3":{"name":"StoreConsumer","decl":{"start":{"line":104,"column":10},"end":{"line":104,"column":26}},"loc":{"start":{"line":104,"column":26},"end":{"line":104,"column":4}}},"4":{"name":"(anonymous_17)","decl":{"start":{"line":106,"column":9},"end":{"line":null,"column":-1}},"loc":{"start":{"line":106,"column":9},"end":{"line":null,"column":-1}}}},"branchMap":{"0":{"loc":{"start":{"line":37,"column":4},"end":{"line":39,"column":5}},"type":"if","locations":[{"start":{"line":37,"column":4},"end":{"line":39,"column":5}},{"start":{"line":37,"column":4},"end":{"line":39,"column":5}}]},"1":{"loc":{"start":{"line":41,"column":4},"end":{"line":51,"column":5}},"type":"if","locations":[{"start":{"line":41,"column":4},"end":{"line":51,"column":5}},{"start":{"line":41,"column":4},"end":{"line":51,"column":5}}]},"2":{"loc":{"start":{"line":48,"column":6},"end":{"line":50,"column":7}},"type":"if","locations":[{"start":{"line":48,"column":6},"end":{"line":50,"column":7}},{"start":{"line":48,"column":6},"end":{"line":50,"column":7}}]},"3":{"loc":{"start":{"line":53,"column":4},"end":{"line":62,"column":5}},"type":"if","locations":[{"start":{"line":53,"column":4},"end":{"line":62,"column":5}},{"start":{"line":53,"column":4},"end":{"line":62,"column":5}}]},"4":{"loc":{"start":{"line":59,"column":6},"end":{"line":61,"column":7}},"type":"if","locations":[{"start":{"line":59,"column":6},"end":{"line":61,"column":7}},{"start":{"line":59,"column":6},"end":{"line":61,"column":7}}]},"5":{"loc":{"start":{"line":96,"column":37},"end":{"line":96,"column":68}},"type":"cond-expr","locations":[{"start":{"line":96,"column":37},"end":{"line":96,"column":68}},{"start":{"line":96,"column":68},"end":{"line":null,"column":-1}}]},"6":{"loc":{"start":{"line":97,"column":55},"end":{"line":97,"column":25}},"type":"cond-expr","locations":[{"start":{"line":97,"column":55},"end":{"line":97,"column":25}},{"start":{"line":97,"column":65},"end":{"line":97,"column":2}}]}},"s":{"0":0,"1":0,"2":0,"3":0,"4":0,"5":0,"6":0,"7":0,"8":0,"9":0,"10":0,"11":0,"12":0,"13":0,"14":0,"15":0,"16":0,"17":0,"18":0,"19":0,"20":0,"21":0,"22":0,"23":0,"24":0,"25":0,"26":0,"27":0,"28":0,"29":0,"30":0},"f":{"0":0,"1":0,"2":0,"3":0,"4":0},"b":{"0":[0,0],"1":[0,0],"2":[0,0],"3":[0,0],"4":[0,0],"5":[0,0],"6":[0,0]}}
,"/Users/florianmueller/projects/redux-props/src/context.js": {"path":"/Users/florianmueller/projects/redux-props/src/context.js","statementMap":{"0":{"start":{"line":3,"column":28},"end":{"line":3,"column":49}}},"fnMap":{},"branchMap":{},"s":{"0":1},"f":{},"b":{},"_coverageSchema":"332fd63041d2c1bcb487cc26dd0d5f7d97098a6c","hash":"436e2f77f6bac711d300a84a39d54ffc6821f72d"}
,"/Users/florianmueller/projects/redux-props/src/index.js": {"path":"/Users/florianmueller/projects/redux-props/src/index.js","statementMap":{"0":{"start":{"line":1,"column":0},"end":{"line":null,"column":-1}},"1":{"start":{"line":2,"column":0},"end":{"line":null,"column":-1}}},"fnMap":{"0":{"name":"(anonymous_0)","decl":{"start":{"line":1,"column":0},"end":{"line":null,"column":-1}},"loc":{"start":{"line":1,"column":0},"end":{"line":null,"column":-1}}},"1":{"name":"(anonymous_2)","decl":{"start":{"line":2,"column":0},"end":{"line":null,"column":-1}},"loc":{"start":{"line":2,"column":0},"end":{"line":null,"column":-1}}}},"branchMap":{"0":{"loc":{"start":{"line":1,"column":0},"end":{"line":null,"column":-1}},"type":"if","locations":[{"start":{"line":1,"column":0},"end":{"line":null,"column":-1}},{"start":{"line":1,"column":0},"end":{"line":null,"column":-1}}]},"1":{"loc":{"start":{"line":2,"column":0},"end":{"line":null,"column":-1}},"type":"if","locations":[{"start":{"line":2,"column":0},"end":{"line":null,"column":-1}},{"start":{"line":2,"column":0},"end":{"line":null,"column":-1}}]}},"s":{"0":0,"1":0},"f":{"0":0,"1":0},"b":{"0":[0,0],"1":[0,0]}}
}
