TN:
SF:/Users/florianmueller/projects/redux-props/src/Provider.jsx
FN:17,(anonymous_0)
FN:19,(anonymous_1)
FN:25,(anonymous_2)
FNF:3
FNH:2
FNDA:2,(anonymous_0)
FNDA:0,(anonymous_1)
FNDA:1,(anonymous_2)
DA:18,2
DA:19,2
DA:26,1
DA:28,1
DA:33,1
LF:5
LH:5
BRF:0
BRH:0
end_of_record
TN:
SF:/Users/florianmueller/projects/redux-props/src/consume.jsx
FN:8,defaultMapProps
FN:96,consume
FN:99,(anonymous_15)
FN:104,StoreConsumer
FN:106,(anonymous_17)
FNF:5
FNH:0
FNDA:0,defaultMapProps
FNDA:0,consume
FNDA:0,(anonymous_15)
FNDA:0,StoreConsumer
FNDA:0,(anonymous_17)
DA:1,0
DA:2,0
DA:3,0
DA:8,0
DA:34,0
DA:35,0
DA:37,0
DA:38,0
DA:41,0
DA:42,0
DA:48,0
DA:49,0
DA:53,0
DA:54,0
DA:59,0
DA:60,0
DA:64,0
DA:70,0
DA:77,0
DA:79,0
DA:88,0
DA:96,0
DA:97,0
DA:99,0
DA:104,0
DA:106,0
DA:119,0
LF:27
LH:0
BRDA:37,0,0,0
BRDA:37,0,1,0
BRDA:41,1,0,0
BRDA:41,1,1,0
BRDA:48,2,0,0
BRDA:48,2,1,0
BRDA:53,3,0,0
BRDA:53,3,1,0
BRDA:59,4,0,0
BRDA:59,4,1,0
BRDA:96,5,0,0
BRDA:96,5,1,0
BRDA:97,6,0,0
BRDA:97,6,1,0
BRF:14
BRH:0
end_of_record
TN:
SF:/Users/florianmueller/projects/redux-props/src/context.js
FNF:0
FNH:0
DA:3,1
LF:1
LH:1
BRF:0
BRH:0
end_of_record
TN:
SF:/Users/florianmueller/projects/redux-props/src/index.js
FN:1,(anonymous_0)
FN:2,(anonymous_2)
FNF:2
FNH:0
FNDA:0,(anonymous_0)
FNDA:0,(anonymous_2)
DA:1,0
DA:2,0
LF:2
LH:0
BRDA:1,0,0,0
BRDA:1,0,1,0
BRDA:2,1,0,0
BRDA:2,1,1,0
BRF:4
BRH:0
end_of_record
